#-----------------------------------------------------------
# Vivado v2020.2 (64-bit)
# SW Build 3064766 on Wed Nov 18 09:12:45 MST 2020
# IP Build 3064653 on Wed Nov 18 14:17:31 MST 2020
# Start of session at: Mon Apr 26 23:28:17 2021
# Process ID: 4192
# Current directory: C:/Users/uzivatel/Documents/github/DE1_project/DE1_project
# Command line: vivado.exe -gui_launcher_event rodinguilauncherevent10220 C:\Users\uzivatel\Documents\github\DE1_project\DE1_project\DE1_project.xpr
# Log file: C:/Users/uzivatel/Documents/github/DE1_project/DE1_project/vivado.log
# Journal file: C:/Users/uzivatel/Documents/github/DE1_project/DE1_project\vivado.jou
#-----------------------------------------------------------
start_gui
open_project C:/Users/uzivatel/Documents/github/DE1_project/DE1_project/DE1_project.xpr
WARNING: [filemgmt 56-3] Default IP Output Path : Could not find the directory 'C:/Users/uzivatel/Documents/github/DE1_project/DE1_project/DE1_project.gen/sources_1'.
Scanning sources...
Finished scanning sources
INFO: [IP_Flow 19-234] Refreshing IP repositories
INFO: [IP_Flow 19-1704] No user IP repositories specified
INFO: [IP_Flow 19-2313] Loaded Vivado IP repository 'C:/Xilinx/Vivado/2020.2/data/ip'.
open_project: Time (s): cpu = 00:00:48 ; elapsed = 00:00:18 . Memory (MB): peak = 1004.344 ; gain = 0.000
update_compile_order -fileset sources_1
exit
INFO: [Common 17-206] Exiting Vivado at Mon Apr 26 23:41:43 2021...
