#-----------------------------------------------------------
# Vivado v2020.2 (64-bit)
# SW Build 3064766 on Wed Nov 18 09:12:45 MST 2020
# IP Build 3064653 on Wed Nov 18 14:17:31 MST 2020
# Start of session at: Tue Apr 20 20:29:36 2021
# Process ID: 11180
# Current directory: C:/Users/uzivatel/Documents/github/DE1_project/project_de1
# Command line: vivado.exe -gui_launcher_event rodinguilauncherevent7088 C:\Users\uzivatel\Documents\github\DE1_project\project_de1\project_de1.xpr
# Log file: C:/Users/uzivatel/Documents/github/DE1_project/project_de1/vivado.log
# Journal file: C:/Users/uzivatel/Documents/github/DE1_project/project_de1\vivado.jou
#-----------------------------------------------------------
start_gui
open_project C:/Users/uzivatel/Documents/github/DE1_project/project_de1/project_de1.xpr
WARNING: [filemgmt 56-3] Default IP Output Path : Could not find the directory 'C:/Users/uzivatel/Documents/github/DE1_project/project_de1/project_de1.gen/sources_1'.
Scanning sources...
Finished scanning sources
INFO: [IP_Flow 19-234] Refreshing IP repositories
INFO: [IP_Flow 19-1704] No user IP repositories specified
INFO: [IP_Flow 19-2313] Loaded Vivado IP repository 'C:/Xilinx/Vivado/2020.2/data/ip'.
open_project: Time (s): cpu = 00:00:28 ; elapsed = 00:00:19 . Memory (MB): peak = 1001.820 ; gain = 0.000
update_compile_order -fileset sources_1
exit
INFO: [Common 17-206] Exiting Vivadoexit
INFO: [Common 17-206] Exiting Vivado at Tue Apr 20 21:09:41 2021...
