#-----------------------------------------------------------
# Vivado v2020.2 (64-bit)
# SW Build 3064766 on Wed Nov 18 09:12:45 MST 2020
# IP Build 3064653 on Wed Nov 18 14:17:31 MST 2020
# Start of session at: Mon Apr 19 21:09:22 2021
# Process ID: 12036
# Current directory: C:/Users/uzivatel/Documents/github/DE1_project/project_de1
# Command line: vivado.exe -gui_launcher_event rodinguilauncherevent10632 C:\Users\uzivatel\Documents\github\DE1_project\project_de1\project_de1.xpr
# Log file: C:/Users/uzivatel/Documents/github/DE1_project/project_de1/vivado.log
# Journal file: C:/Users/uzivatel/Documents/github/DE1_project/project_de1\vivado.jou
#-----------------------------------------------------------
start_gui
open_project C:/Users/uzivatel/Documents/github/DE1_project/project_de1/project_de1.xpr
WARNING: [filemgmt 56-3] Default IP Output Path : Could not find the directory 'C:/Users/uzivatel/Documents/github/DE1_project/project_de1/project_de1.gen/sources_1'.
Scanning sources...
Finished scanning sources
INFO: [IP_Flow 19-234] Refreshing IP repositories
INFO: [IP_Flow 19-1704] No user IP repositories specified
INFO: [IP_Flow 19-2313] Loaded Vivado IP repository 'C:/Xilinx/Vivado/2020.2/data/ip'.
open_project: Time (s): cpu = 00:00:21 ; elapsed = 00:00:10 . Memory (MB): peak = 1002.176 ; gain = 0.000
update_compile_order -fileset sources_1
set_property SOURCE_SET sources_1 [get_filesets sim_1]
close [ open C:/Users/uzivatel/Documents/github/DE1_project/project_de1/project_de1.srcs/sim_1/new/tb_fsm.vhd w ]
add_files -fileset sim_1 C:/Users/uzivatel/Documents/github/DE1_project/project_de1/project_de1.srcs/sim_1/new/tb_fsm.vhd
update_compile_order -fileset sim_1
set_property top tb_fsm [get_filesets sim_1]
set_property top_lib xil_defaultlib [get_filesets sim_1]
update_compile_order -fileset sim_1
update_compile_order -fileset sim_1
update_compile_order -fileset sim_1
launch_simulation
Command: launch_simulation 
INFO: [Vivado 12-5682] Launching behavioral simulation in 'C:/Users/uzivatel/Documents/github/DE1_project/project_de1/project_de1.sim/sim_1/behav/xsim'
INFO: [SIM-utils-51] Simulation object is 'sim_1'
INFO: [SIM-utils-54] Inspecting design source files for 'tb_fsm' in fileset 'sim_1'...
INFO: [USF-XSim-97] Finding global include files...
INFO: [USF-XSim-98] Fetching design files from 'sim_1'...
INFO: [USF-XSim-2] XSim::Compile design
INFO: [USF-XSim-61] Executing 'COMPILE and ANALYZE' step in 'C:/Users/uzivatel/Documents/github/DE1_project/project_de1/project_de1.sim/sim_1/behav/xsim'
"xvhdl --incr --relax -prj tb_fsm_vhdl.prj"
INFO: [VRFC 10-163] Analyzing VHDL file "C:/Users/uzivatel/Documents/github/DE1_project/project_de1/project_de1.srcs/sources_1/new/fsm.vhd" into library xil_defaultlib
INFO: [VRFC 10-3107] analyzing entity 'fsm'
INFO: [VRFC 10-163] Analyzing VHDL file "C:/Users/uzivatel/Documents/github/DE1_project/project_de1/project_de1.srcs/sim_1/new/tb_fsm.vhd" into library xil_defaultlib
INFO: [VRFC 10-3107] analyzing entity 'tb_fsm'
INFO: [USF-XSim-69] 'compile' step finished in '3' seconds
INFO: [USF-XSim-3] XSim::Elaborate design
INFO: [USF-XSim-61] Executing 'ELABORATE' step in 'C:/Users/uzivatel/Documents/github/DE1_project/project_de1/project_de1.sim/sim_1/behav/xsim'
"xelab -wto ed2ecd6524bc483eb159ccec19ff074a --incr --debug typical --relax --mt 2 -L xil_defaultlib -L secureip --snapshot tb_fsm_behav xil_defaultlib.tb_fsm -log elaborate.log"
Vivado Simulator 2020.2
Copyright 1986-1999, 2001-2020 Xilinx, Inc. All Rights Reserved.
Running: C:/Xilinx/Vivado/2020.2/bin/unwrapped/win64.o/xelab.exe -wto ed2ecd6524bc483eb159ccec19ff074a --incr --debug typical --relax --mt 2 -L xil_defaultlib -L secureip --snapshot tb_fsm_behav xil_defaultlib.tb_fsm -log elaborate.log 
Using 2 slave threads.
Starting static elaboration
ERROR: [VRFC 10-3311] expression has 3 elements ; formal 'keyboard_i' expects 4 [C:/Users/uzivatel/Documents/github/DE1_project/project_de1/project_de1.srcs/sim_1/new/tb_fsm.vhd:38]
ERROR: [VRFC 10-3311] expression has 3 elements ; formal 'disp0_o' expects 4 [C:/Users/uzivatel/Documents/github/DE1_project/project_de1/project_de1.srcs/sim_1/new/tb_fsm.vhd:39]
ERROR: [VRFC 10-3311] expression has 3 elements ; formal 'disp1_o' expects 4 [C:/Users/uzivatel/Documents/github/DE1_project/project_de1/project_de1.srcs/sim_1/new/tb_fsm.vhd:40]
ERROR: [VRFC 10-3311] expression has 3 elements ; formal 'disp2_o' expects 4 [C:/Users/uzivatel/Documents/github/DE1_project/project_de1/project_de1.srcs/sim_1/new/tb_fsm.vhd:41]
ERROR: [VRFC 10-3311] expression has 3 elements ; formal 'disp3_o' expects 4 [C:/Users/uzivatel/Documents/github/DE1_project/project_de1/project_de1.srcs/sim_1/new/tb_fsm.vhd:42]
ERROR: [VRFC 10-3311] expression has 3 elements ; formal 'disp_en_o' expects 4 [C:/Users/uzivatel/Documents/github/DE1_project/project_de1/project_de1.srcs/sim_1/new/tb_fsm.vhd:43]
ERROR: [XSIM 43-3321] Static elaboration of top level VHDL design unit tb_fsm in library work failed.
INFO: [USF-XSim-69] 'elaborate' step finished in '3' seconds
INFO: [USF-XSim-99] Step results log file:'C:/Users/uzivatel/Documents/github/DE1_project/project_de1/project_de1.sim/sim_1/behav/xsim/elaborate.log'
ERROR: [USF-XSim-62] 'elaborate' step failed with error(s). Please check the Tcl console output or 'C:/Users/uzivatel/Documents/github/DE1_project/project_de1/project_de1.sim/sim_1/behav/xsim/elaborate.log' file for more information.
ERROR: [Vivado 12-4473] Detected error while running simulation. Please correct the issue and retry this operation.
launch_simulation: Time (s): cpu = 00:00:01 ; elapsed = 00:00:07 . Memory (MB): peak = 1002.176 ; gain = 0.000
ERROR: [Common 17-39] 'launch_simulation' failed due to earlier errors.
launch_simulation
Command: launch_simulation 
INFO: [Vivado 12-5682] Launching behavioral simulation in 'C:/Users/uzivatel/Documents/github/DE1_project/project_de1/project_de1.sim/sim_1/behav/xsim'
INFO: [SIM-utils-51] Simulation object is 'sim_1'
INFO: [SIM-utils-54] Inspecting design source files for 'tb_fsm' in fileset 'sim_1'...
INFO: [USF-XSim-97] Finding global include files...
INFO: [USF-XSim-98] Fetching design files from 'sim_1'...
INFO: [USF-XSim-2] XSim::Compile design
INFO: [USF-XSim-61] Executing 'COMPILE and ANALYZE' step in 'C:/Users/uzivatel/Documents/github/DE1_project/project_de1/project_de1.sim/sim_1/behav/xsim'
"xvhdl --incr --relax -prj tb_fsm_vhdl.prj"
INFO: [VRFC 10-163] Analyzing VHDL file "C:/Users/uzivatel/Documents/github/DE1_project/project_de1/project_de1.srcs/sim_1/new/tb_fsm.vhd" into library xil_defaultlib
INFO: [VRFC 10-3107] analyzing entity 'tb_fsm'
INFO: [USF-XSim-69] 'compile' step finished in '3' seconds
INFO: [USF-XSim-3] XSim::Elaborate design
INFO: [USF-XSim-61] Executing 'ELABORATE' step in 'C:/Users/uzivatel/Documents/github/DE1_project/project_de1/project_de1.sim/sim_1/behav/xsim'
"xelab -wto ed2ecd6524bc483eb159ccec19ff074a --incr --debug typical --relax --mt 2 -L xil_defaultlib -L secureip --snapshot tb_fsm_behav xil_defaultlib.tb_fsm -log elaborate.log"
Vivado Simulator 2020.2
Copyright 1986-1999, 2001-2020 Xilinx, Inc. All Rights Reserved.
Running: C:/Xilinx/Vivado/2020.2/bin/unwrapped/win64.o/xelab.exe -wto ed2ecd6524bc483eb159ccec19ff074a --incr --debug typical --relax --mt 2 -L xil_defaultlib -L secureip --snapshot tb_fsm_behav xil_defaultlib.tb_fsm -log elaborate.log 
Using 2 slave threads.
Starting static elaboration
Completed static elaboration
Starting simulation data flow analysis
Completed simulation data flow analysis
Time Resolution for simulation is 1ps
Compiling package std.standard
Compiling package std.textio
Compiling package ieee.std_logic_1164
Compiling package ieee.numeric_std
Compiling architecture behavioral of entity xil_defaultlib.fsm [fsm_default]
Compiling architecture testbench of entity xil_defaultlib.tb_fsm
Built simulation snapshot tb_fsm_behav

****** Webtalk v2020.2 (64-bit)
  **** SW Build 3064766 on Wed Nov 18 09:12:45 MST 2020
  **** IP Build 3064653 on Wed Nov 18 14:17:31 MST 2020
    ** Copyright 1986-2020 Xilinx, Inc. All Rights Reserved.

source C:/Users/uzivatel/Documents/github/DE1_project/project_de1/project_de1.sim/sim_1/behav/xsim/xsim.dir/tb_fsm_behav/webtalk/xsim_webtalk.tcl -notrace
INFO: [Common 17-186] 'C:/Users/uzivatel/Documents/github/DE1_project/project_de1/project_de1.sim/sim_1/behav/xsim/xsim.dir/tb_fsm_behav/webtalk/usage_statistics_ext_xsim.xml' has been successfully sent to Xilinx on Mon Apr 19 22:49:22 2021. For additional details about this file, please refer to the WebTalk help file at C:/Xilinx/Vivado/2020.2/doc/webtalk_introduction.html.
webtalk_transmit: Time (s): cpu = 00:00:00 ; elapsed = 00:00:05 . Memory (MB): peak = 98.750 ; gain = 0.000
INFO: [Common 17-206] Exiting Webtalk at Mon Apr 19 22:49:22 2021...
run_program: Time (s): cpu = 00:00:00 ; elapsed = 00:00:14 . Memory (MB): peak = 1002.176 ; gain = 0.000
INFO: [USF-XSim-69] 'elaborate' step finished in '14' seconds
INFO: [USF-XSim-4] XSim::Simulate design
INFO: [USF-XSim-61] Executing 'SIMULATE' step in 'C:/Users/uzivatel/Documents/github/DE1_project/project_de1/project_de1.sim/sim_1/behav/xsim'
INFO: [USF-XSim-98] *** Running xsim
   with args "tb_fsm_behav -key {Behavioral:sim_1:Functional:tb_fsm} -tclbatch {tb_fsm.tcl} -log {simulate.log}"
INFO: [USF-XSim-8] Loading simulator feature
Vivado Simulator 2020.2
Time resolution is 1 ps
source tb_fsm.tcl
# set curr_wave [current_wave_config]
# if { [string length $curr_wave] == 0 } {
#   if { [llength [get_objects]] > 0} {
#     add_wave /
#     set_property needs_save false [current_wave_config]
#   } else {
#      send_msg_id Add_Wave-1 WARNING "No top level signals found. Simulator will start without a wave window. If you want to open a wave window go to 'File->New Waveform Configuration' or type 'create_wave_config' in the TCL console."
#   }
# }
# run 1000ns
xsim: Time (s): cpu = 00:00:07 ; elapsed = 00:00:05 . Memory (MB): peak = 1002.176 ; gain = 0.000
INFO: [USF-XSim-96] XSim completed. Design snapshot 'tb_fsm_behav' loaded.
INFO: [USF-XSim-97] XSim simulation ran for 1000ns
launch_simulation: Time (s): cpu = 00:00:09 ; elapsed = 00:00:22 . Memory (MB): peak = 1002.176 ; gain = 0.000
current_wave_config {Untitled 1}
Untitled 1
add_wave {{/tb_fsm/uut_fsm/s_state}} 
relaunch_sim
suspend_sim: Time (s): cpu = 00:00:01 ; elapsed = 00:00:09 . Memory (MB): peak = 1002.176 ; gain = 0.000
Command: launch_simulation -simset sim_1 -mode behavioral
INFO: [Vivado 12-5682] Launching behavioral simulation in 'C:/Users/uzivatel/Documents/github/DE1_project/project_de1/project_de1.sim/sim_1/behav/xsim'
INFO: [SIM-utils-51] Simulation object is 'sim_1'
INFO: [SIM-utils-54] Inspecting design source files for 'tb_fsm' in fileset 'sim_1'...
INFO: [USF-XSim-97] Finding global include files...
INFO: [USF-XSim-98] Fetching design files from 'sim_1'...
INFO: [USF-XSim-2] XSim::Compile design
INFO: [USF-XSim-61] Executing 'COMPILE and ANALYZE' step in 'C:/Users/uzivatel/Documents/github/DE1_project/project_de1/project_de1.sim/sim_1/behav/xsim'
"xvhdl --incr --relax -prj tb_fsm_vhdl.prj"
INFO: [USF-XSim-69] 'compile' step finished in '3' seconds
Command: launch_simulation -simset sim_1 -mode behavioral
INFO: [Vivado 12-5682] Launching behavioral simulation in 'C:/Users/uzivatel/Documents/github/DE1_project/project_de1/project_de1.sim/sim_1/behav/xsim'
INFO: [USF-XSim-3] XSim::Elaborate design
INFO: [USF-XSim-61] Executing 'ELABORATE' step in 'C:/Users/uzivatel/Documents/github/DE1_project/project_de1/project_de1.sim/sim_1/behav/xsim'
"xelab -wto ed2ecd6524bc483eb159ccec19ff074a --incr --debug typical --relax --mt 2 -L xil_defaultlib -L secureip --snapshot tb_fsm_behav xil_defaultlib.tb_fsm -log elaborate.log"
Vivado Simulator 2020.2
Copyright 1986-1999, 2001-2020 Xilinx, Inc. All Rights Reserved.
Running: C:/Xilinx/Vivado/2020.2/bin/unwrapped/win64.o/xelab.exe -wto ed2ecd6524bc483eb159ccec19ff074a --incr --debug typical --relax --mt 2 -L xil_defaultlib -L secureip --snapshot tb_fsm_behav xil_defaultlib.tb_fsm -log elaborate.log 
Using 2 slave threads.
Starting static elaboration
Completed static elaboration
INFO: [XSIM 43-4323] No Change in HDL. Linking previously generated obj files to create kernel
INFO: [USF-XSim-69] 'elaborate' step finished in '3' seconds
Vivado Simulator 2020.2
Time resolution is 1 ps
relaunch_sim: Time (s): cpu = 00:00:03 ; elapsed = 00:00:17 . Memory (MB): peak = 1002.176 ; gain = 0.000
save_wave_config {C:/Users/uzivatel/Documents/github/DE1_project/project_de1/tb_fsm_behav.wcfg}
add_files -fileset sim_1 -norecurse C:/Users/uzivatel/Documents/github/DE1_project/project_de1/tb_fsm_behav.wcfg
set_property xsim.view C:/Users/uzivatel/Documents/github/DE1_project/project_de1/tb_fsm_behav.wcfg [get_filesets sim_1]
relaunch_sim
Command: launch_simulation -simset sim_1 -mode behavioral
INFO: [Vivado 12-5682] Launching behavioral simulation in 'C:/Users/uzivatel/Documents/github/DE1_project/project_de1/project_de1.sim/sim_1/behav/xsim'
INFO: [SIM-utils-51] Simulation object is 'sim_1'
INFO: [SIM-utils-54] Inspecting design source files for 'tb_fsm' in fileset 'sim_1'...
INFO: [USF-XSim-97] Finding global include files...
INFO: [USF-XSim-98] Fetching design files from 'sim_1'...
INFO: [USF-XSim-2] XSim::Compile design
INFO: [USF-XSim-61] Executing 'COMPILE and ANALYZE' step in 'C:/Users/uzivatel/Documents/github/DE1_project/project_de1/project_de1.sim/sim_1/behav/xsim'
"xvhdl --incr --relax -prj tb_fsm_vhdl.prj"
INFO: [VRFC 10-163] Analyzing VHDL file "C:/Users/uzivatel/Documents/github/DE1_project/project_de1/project_de1.srcs/sources_1/new/fsm.vhd" into library xil_defaultlib
INFO: [VRFC 10-3107] analyzing entity 'fsm'
INFO: [VRFC 10-163] Analyzing VHDL file "C:/Users/uzivatel/Documents/github/DE1_project/project_de1/project_de1.srcs/sim_1/new/tb_fsm.vhd" into library xil_defaultlib
INFO: [VRFC 10-3107] analyzing entity 'tb_fsm'
INFO: [USF-XSim-69] 'compile' step finished in '2' seconds
Command: launch_simulation -simset sim_1 -mode behavioral
INFO: [Vivado 12-5682] Launching behavioral simulation in 'C:/Users/uzivatel/Documents/github/DE1_project/project_de1/project_de1.sim/sim_1/behav/xsim'
INFO: [USF-XSim-3] XSim::Elaborate design
INFO: [USF-XSim-61] Executing 'ELABORATE' step in 'C:/Users/uzivatel/Documents/github/DE1_project/project_de1/project_de1.sim/sim_1/behav/xsim'
"xelab -wto ed2ecd6524bc483eb159ccec19ff074a --incr --debug typical --relax --mt 2 -L xil_defaultlib -L secureip --snapshot tb_fsm_behav xil_defaultlib.tb_fsm -log elaborate.log"
Vivado Simulator 2020.2
Copyright 1986-1999, 2001-2020 Xilinx, Inc. All Rights Reserved.
Running: C:/Xilinx/Vivado/2020.2/bin/unwrapped/win64.o/xelab.exe -wto ed2ecd6524bc483eb159ccec19ff074a --incr --debug typical --relax --mt 2 -L xil_defaultlib -L secureip --snapshot tb_fsm_behav xil_defaultlib.tb_fsm -log elaborate.log 
Using 2 slave threads.
Starting static elaboration
Completed static elaboration
Starting simulation data flow analysis
Completed simulation data flow analysis
Time Resolution for simulation is 1ps
Compiling package std.standard
Compiling package std.textio
Compiling package ieee.std_logic_1164
Compiling package ieee.numeric_std
Compiling architecture behavioral of entity xil_defaultlib.fsm [fsm_default]
Compiling architecture testbench of entity xil_defaultlib.tb_fsm
Built simulation snapshot tb_fsm_behav
INFO: [USF-XSim-69] 'elaborate' step finished in '3' seconds
Vivado Simulator 2020.2
Time resolution is 1 ps
relaunch_sim: Time (s): cpu = 00:00:02 ; elapsed = 00:00:09 . Memory (MB): peak = 1368.938 ; gain = 0.000
relaunch_sim
Command: launch_simulation -simset sim_1 -mode behavioral
INFO: [Vivado 12-5682] Launching behavioral simulation in 'C:/Users/uzivatel/Documents/github/DE1_project/project_de1/project_de1.sim/sim_1/behav/xsim'
INFO: [SIM-utils-51] Simulation object is 'sim_1'
INFO: [SIM-utils-54] Inspecting design source files for 'tb_fsm' in fileset 'sim_1'...
INFO: [USF-XSim-97] Finding global include files...
INFO: [USF-XSim-98] Fetching design files from 'sim_1'...
INFO: [USF-XSim-2] XSim::Compile design
INFO: [USF-XSim-61] Executing 'COMPILE and ANALYZE' step in 'C:/Users/uzivatel/Documents/github/DE1_project/project_de1/project_de1.sim/sim_1/behav/xsim'
"xvhdl --incr --relax -prj tb_fsm_vhdl.prj"
INFO: [VRFC 10-163] Analyzing VHDL file "C:/Users/uzivatel/Documents/github/DE1_project/project_de1/project_de1.srcs/sources_1/new/fsm.vhd" into library xil_defaultlib
INFO: [VRFC 10-3107] analyzing entity 'fsm'
INFO: [VRFC 10-163] Analyzing VHDL file "C:/Users/uzivatel/Documents/github/DE1_project/project_de1/project_de1.srcs/sim_1/new/tb_fsm.vhd" into library xil_defaultlib
INFO: [VRFC 10-3107] analyzing entity 'tb_fsm'
INFO: [USF-XSim-69] 'compile' step finished in '3' seconds
Command: launch_simulation -simset sim_1 -mode behavioral
INFO: [Vivado 12-5682] Launching behavioral simulation in 'C:/Users/uzivatel/Documents/github/DE1_project/project_de1/project_de1.sim/sim_1/behav/xsim'
INFO: [USF-XSim-3] XSim::Elaborate design
INFO: [USF-XSim-61] Executing 'ELABORATE' step in 'C:/Users/uzivatel/Documents/github/DE1_project/project_de1/project_de1.sim/sim_1/behav/xsim'
"xelab -wto ed2ecd6524bc483eb159ccec19ff074a --incr --debug typical --relax --mt 2 -L xil_defaultlib -L secureip --snapshot tb_fsm_behav xil_defaultlib.tb_fsm -log elaborate.log"
Vivado Simulator 2020.2
Copyright 1986-1999, 2001-2020 Xilinx, Inc. All Rights Reserved.
Running: C:/Xilinx/Vivado/2020.2/bin/unwrapped/win64.o/xelab.exe -wto ed2ecd6524bc483eb159ccec19ff074a --incr --debug typical --relax --mt 2 -L xil_defaultlib -L secureip --snapshot tb_fsm_behav xil_defaultlib.tb_fsm -log elaborate.log 
Using 2 slave threads.
Starting static elaboration
Completed static elaboration
Starting simulation data flow analysis
Completed simulation data flow analysis
Time Resolution for simulation is 1ps
Compiling package std.standard
Compiling package std.textio
Compiling package ieee.std_logic_1164
Compiling package ieee.numeric_std
Compiling architecture behavioral of entity xil_defaultlib.fsm [fsm_default]
Compiling architecture testbench of entity xil_defaultlib.tb_fsm
Built simulation snapshot tb_fsm_behav
INFO: [USF-XSim-69] 'elaborate' step finished in '2' seconds
Vivado Simulator 2020.2
Time resolution is 1 ps
relaunch_sim: Time (s): cpu = 00:00:03 ; elapsed = 00:00:09 . Memory (MB): peak = 1401.273 ; gain = 0.000
set_property -name {xsim.simulate.runtime} -value {10000ns} -objects [get_filesets sim_1]
WARNING: [filemgmt 56-199] Attempt to get parsing info during refresh. "On-the-fly" syntax checking information may be incorrect. [C:\Users\uzivatel\Documents\github\DE1_project\project_de1\project_de1.srcs\sources_1\new\fsm.vhd:]
WARNING: [filemgmt 56-199] Attempt to get parsing info during refresh. "On-the-fly" syntax checking information may be incorrect. [C:\Users\uzivatel\Documents\github\DE1_project\project_de1\project_de1.srcs\sim_1\new\tb_fsm.vhd:]
ERROR: [Common 17-180] Spawn failed: No error
relaunch_sim
Command: launch_simulation -simset sim_1 -mode behavioral
INFO: [Vivado 12-5682] Launching behavioral simulation in 'C:/Users/uzivatel/Documents/github/DE1_project/project_de1/project_de1.sim/sim_1/behav/xsim'
INFO: [SIM-utils-51] Simulation object is 'sim_1'
INFO: [SIM-utils-54] Inspecting design source files for 'tb_fsm' in fileset 'sim_1'...
INFO: [USF-XSim-97] Finding global include files...
INFO: [USF-XSim-98] Fetching design files from 'sim_1'...
INFO: [USF-XSim-2] XSim::Compile design
INFO: [USF-XSim-61] Executing 'COMPILE and ANALYZE' step in 'C:/Users/uzivatel/Documents/github/DE1_project/project_de1/project_de1.sim/sim_1/behav/xsim'
"xvhdl --incr --relax -prj tb_fsm_vhdl.prj"
INFO: [USF-XSim-69] 'compile' step finished in '2' seconds
Command: launch_simulation -simset sim_1 -mode behavioral
INFO: [Vivado 12-5682] Launching behavioral simulation in 'C:/Users/uzivatel/Documents/github/DE1_project/project_de1/project_de1.sim/sim_1/behav/xsim'
INFO: [USF-XSim-3] XSim::Elaborate design
INFO: [USF-XSim-61] Executing 'ELABORATE' step in 'C:/Users/uzivatel/Documents/github/DE1_project/project_de1/project_de1.sim/sim_1/behav/xsim'
"xelab -wto ed2ecd6524bc483eb159ccec19ff074a --incr --debug typical --relax --mt 2 -L xil_defaultlib -L secureip --snapshot tb_fsm_behav xil_defaultlib.tb_fsm -log elaborate.log"
Vivado Simulator 2020.2
Copyright 1986-1999, 2001-2020 Xilinx, Inc. All Rights Reserved.
Running: C:/Xilinx/Vivado/2020.2/bin/unwrapped/win64.o/xelab.exe -wto ed2ecd6524bc483eb159ccec19ff074a --incr --debug typical --relax --mt 2 -L xil_defaultlib -L secureip --snapshot tb_fsm_behav xil_defaultlib.tb_fsm -log elaborate.log 
Using 2 slave threads.
Starting static elaboration
Completed static elaboration
INFO: [XSIM 43-4323] No Change in HDL. Linking previously generated obj files to create kernel
INFO: [USF-XSim-69] 'elaborate' step finished in '2' seconds
Vivado Simulator 2020.2
Time resolution is 1 ps
relaunch_sim: Time (s): cpu = 00:00:03 ; elapsed = 00:00:09 . Memory (MB): peak = 1401.273 ; gain = 0.000
close_sim
INFO: [Simtcl 6-16] Simulation closed
launch_simulation
Command: launch_simulation 
INFO: [Vivado 12-5682] Launching behavioral simulation in 'C:/Users/uzivatel/Documents/github/DE1_project/project_de1/project_de1.sim/sim_1/behav/xsim'
INFO: [SIM-utils-51] Simulation object is 'sim_1'
INFO: [SIM-utils-54] Inspecting design source files for 'tb_fsm' in fileset 'sim_1'...
INFO: [USF-XSim-97] Finding global include files...
INFO: [USF-XSim-98] Fetching design files from 'sim_1'...
INFO: [USF-XSim-2] XSim::Compile design
INFO: [USF-XSim-61] Executing 'COMPILE and ANALYZE' step in 'C:/Users/uzivatel/Documents/github/DE1_project/project_de1/project_de1.sim/sim_1/behav/xsim'
"xvhdl --incr --relax -prj tb_fsm_vhdl.prj"
INFO: [USF-XSim-69] 'compile' step finished in '2' seconds
INFO: [USF-XSim-3] XSim::Elaborate design
INFO: [USF-XSim-61] Executing 'ELABORATE' step in 'C:/Users/uzivatel/Documents/github/DE1_project/project_de1/project_de1.sim/sim_1/behav/xsim'
"xelab -wto ed2ecd6524bc483eb159ccec19ff074a --incr --debug typical --relax --mt 2 -L xil_defaultlib -L secureip --snapshot tb_fsm_behav xil_defaultlib.tb_fsm -log elaborate.log"
Vivado Simulator 2020.2
Copyright 1986-1999, 2001-2020 Xilinx, Inc. All Rights Reserved.
Running: C:/Xilinx/Vivado/2020.2/bin/unwrapped/win64.o/xelab.exe -wto ed2ecd6524bc483eb159ccec19ff074a --incr --debug typical --relax --mt 2 -L xil_defaultlib -L secureip --snapshot tb_fsm_behav xil_defaultlib.tb_fsm -log elaborate.log 
Using 2 slave threads.
Starting static elaboration
Completed static elaboration
INFO: [XSIM 43-4323] No Change in HDL. Linking previously generated obj files to create kernel
INFO: [USF-XSim-69] 'elaborate' step finished in '3' seconds
INFO: [USF-XSim-4] XSim::Simulate design
INFO: [USF-XSim-61] Executing 'SIMULATE' step in 'C:/Users/uzivatel/Documents/github/DE1_project/project_de1/project_de1.sim/sim_1/behav/xsim'
INFO: [USF-XSim-98] *** Running xsim
   with args "tb_fsm_behav -key {Behavioral:sim_1:Functional:tb_fsm} -tclbatch {tb_fsm.tcl} -view {C:/Users/uzivatel/Documents/github/DE1_project/project_de1/tb_fsm_behav.wcfg} -log {simulate.log}"
INFO: [USF-XSim-8] Loading simulator feature
Vivado Simulator 2020.2
Time resolution is 1 ps
open_wave_config C:/Users/uzivatel/Documents/github/DE1_project/project_de1/tb_fsm_behav.wcfg
source tb_fsm.tcl
# set curr_wave [current_wave_config]
# if { [string length $curr_wave] == 0 } {
#   if { [llength [get_objects]] > 0} {
#     add_wave /
#     set_property needs_save false [current_wave_config]
#   } else {
#      send_msg_id Add_Wave-1 WARNING "No top level signals found. Simulator will start without a wave window. If you want to open a wave window go to 'File->New Waveform Configuration' or type 'create_wave_config' in the TCL console."
#   }
# }
# run 10000ns
INFO: [USF-XSim-96] XSim completed. Design snapshot 'tb_fsm_behav' loaded.
INFO: [USF-XSim-97] XSim simulation ran for 10000ns
launch_simulation: Time (s): cpu = 00:00:05 ; elapsed = 00:00:09 . Memory (MB): peak = 1401.273 ; gain = 0.000
relaunch_sim
Command: launch_simulation -simset sim_1 -mode behavioral
INFO: [Vivado 12-5682] Launching behavioral simulation in 'C:/Users/uzivatel/Documents/github/DE1_project/project_de1/project_de1.sim/sim_1/behav/xsim'
INFO: [SIM-utils-51] Simulation object is 'sim_1'
INFO: [SIM-utils-54] Inspecting design source files for 'tb_fsm' in fileset 'sim_1'...
INFO: [USF-XSim-97] Finding global include files...
INFO: [USF-XSim-98] Fetching design files from 'sim_1'...
INFO: [USF-XSim-2] XSim::Compile design
INFO: [USF-XSim-61] Executing 'COMPILE and ANALYZE' step in 'C:/Users/uzivatel/Documents/github/DE1_project/project_de1/project_de1.sim/sim_1/behav/xsim'
"xvhdl --incr --relax -prj tb_fsm_vhdl.prj"
INFO: [VRFC 10-163] Analyzing VHDL file "C:/Users/uzivatel/Documents/github/DE1_project/project_de1/project_de1.srcs/sim_1/new/tb_fsm.vhd" into library xil_defaultlib
INFO: [VRFC 10-3107] analyzing entity 'tb_fsm'
INFO: [USF-XSim-69] 'compile' step finished in '2' seconds
Command: launch_simulation -simset sim_1 -mode behavioral
INFO: [Vivado 12-5682] Launching behavioral simulation in 'C:/Users/uzivatel/Documents/github/DE1_project/project_de1/project_de1.sim/sim_1/behav/xsim'
INFO: [USF-XSim-3] XSim::Elaborate design
INFO: [USF-XSim-61] Executing 'ELABORATE' step in 'C:/Users/uzivatel/Documents/github/DE1_project/project_de1/project_de1.sim/sim_1/behav/xsim'
"xelab -wto ed2ecd6524bc483eb159ccec19ff074a --incr --debug typical --relax --mt 2 -L xil_defaultlib -L secureip --snapshot tb_fsm_behav xil_defaultlib.tb_fsm -log elaborate.log"
Vivado Simulator 2020.2
Copyright 1986-1999, 2001-2020 Xilinx, Inc. All Rights Reserved.
Running: C:/Xilinx/Vivado/2020.2/bin/unwrapped/win64.o/xelab.exe -wto ed2ecd6524bc483eb159ccec19ff074a --incr --debug typical --relax --mt 2 -L xil_defaultlib -L secureip --snapshot tb_fsm_behav xil_defaultlib.tb_fsm -log elaborate.log 
Using 2 slave threads.
Starting static elaboration
Completed static elaboration
Starting simulation data flow analysis
Completed simulation data flow analysis
Time Resolution for simulation is 1ps
Compiling package std.standard
Compiling package std.textio
Compiling package ieee.std_logic_1164
Compiling package ieee.numeric_std
Compiling architecture behavioral of entity xil_defaultlib.fsm [fsm_default]
Compiling architecture testbench of entity xil_defaultlib.tb_fsm
Built simulation snapshot tb_fsm_behav
INFO: [USF-XSim-69] 'elaborate' step finished in '3' seconds
Vivado Simulator 2020.2
Time resolution is 1 ps
relaunch_sim: Time (s): cpu = 00:00:03 ; elapsed = 00:00:09 . Memory (MB): peak = 1401.273 ; gain = 0.000
relaunch_sim
Command: launch_simulation -simset sim_1 -mode behavioral
INFO: [Vivado 12-5682] Launching behavioral simulation in 'C:/Users/uzivatel/Documents/github/DE1_project/project_de1/project_de1.sim/sim_1/behav/xsim'
INFO: [SIM-utils-51] Simulation object is 'sim_1'
INFO: [SIM-utils-54] Inspecting design source files for 'tb_fsm' in fileset 'sim_1'...
INFO: [USF-XSim-97] Finding global include files...
INFO: [USF-XSim-98] Fetching design files from 'sim_1'...
INFO: [USF-XSim-2] XSim::Compile design
INFO: [USF-XSim-61] Executing 'COMPILE and ANALYZE' step in 'C:/Users/uzivatel/Documents/github/DE1_project/project_de1/project_de1.sim/sim_1/behav/xsim'
"xvhdl --incr --relax -prj tb_fsm_vhdl.prj"
INFO: [VRFC 10-163] Analyzing VHDL file "C:/Users/uzivatel/Documents/github/DE1_project/project_de1/project_de1.srcs/sim_1/new/tb_fsm.vhd" into library xil_defaultlib
INFO: [VRFC 10-3107] analyzing entity 'tb_fsm'
INFO: [USF-XSim-69] 'compile' step finished in '2' seconds
Command: launch_simulation -simset sim_1 -mode behavioral
INFO: [Vivado 12-5682] Launching behavioral simulation in 'C:/Users/uzivatel/Documents/github/DE1_project/project_de1/project_de1.sim/sim_1/behav/xsim'
INFO: [USF-XSim-3] XSim::Elaborate design
INFO: [USF-XSim-61] Executing 'ELABORATE' step in 'C:/Users/uzivatel/Documents/github/DE1_project/project_de1/project_de1.sim/sim_1/behav/xsim'
"xelab -wto ed2ecd6524bc483eb159ccec19ff074a --incr --debug typical --relax --mt 2 -L xil_defaultlib -L secureip --snapshot tb_fsm_behav xil_defaultlib.tb_fsm -log elaborate.log"
Vivado Simulator 2020.2
Copyright 1986-1999, 2001-2020 Xilinx, Inc. All Rights Reserved.
Running: C:/Xilinx/Vivado/2020.2/bin/unwrapped/win64.o/xelab.exe -wto ed2ecd6524bc483eb159ccec19ff074a --incr --debug typical --relax --mt 2 -L xil_defaultlib -L secureip --snapshot tb_fsm_behav xil_defaultlib.tb_fsm -log elaborate.log 
Using 2 slave threads.
Starting static elaboration
Completed static elaboration
Starting simulation data flow analysis
Completed simulation data flow analysis
Time Resolution for simulation is 1ps
Compiling package std.standard
Compiling package std.textio
Compiling package ieee.std_logic_1164
Compiling package ieee.numeric_std
Compiling architecture behavioral of entity xil_defaultlib.fsm [fsm_default]
Compiling architecture testbench of entity xil_defaultlib.tb_fsm
Built simulation snapshot tb_fsm_behav
INFO: [USF-XSim-69] 'elaborate' step finished in '3' seconds
Vivado Simulator 2020.2
Time resolution is 1 ps
relaunch_sim: Time (s): cpu = 00:00:03 ; elapsed = 00:00:09 . Memory (MB): peak = 1401.273 ; gain = 0.000
relaunch_sim
Command: launch_simulation -simset sim_1 -mode behavioral
INFO: [Vivado 12-5682] Launching behavioral simulation in 'C:/Users/uzivatel/Documents/github/DE1_project/project_de1/project_de1.sim/sim_1/behav/xsim'
INFO: [SIM-utils-51] Simulation object is 'sim_1'
INFO: [SIM-utils-54] Inspecting design source files for 'tb_fsm' in fileset 'sim_1'...
INFO: [USF-XSim-97] Finding global include files...
INFO: [USF-XSim-98] Fetching design files from 'sim_1'...
INFO: [USF-XSim-2] XSim::Compile design
INFO: [USF-XSim-61] Executing 'COMPILE and ANALYZE' step in 'C:/Users/uzivatel/Documents/github/DE1_project/project_de1/project_de1.sim/sim_1/behav/xsim'
"xvhdl --incr --relax -prj tb_fsm_vhdl.prj"
INFO: [VRFC 10-163] Analyzing VHDL file "C:/Users/uzivatel/Documents/github/DE1_project/project_de1/project_de1.srcs/sim_1/new/tb_fsm.vhd" into library xil_defaultlib
INFO: [VRFC 10-3107] analyzing entity 'tb_fsm'
INFO: [USF-XSim-69] 'compile' step finished in '2' seconds
Command: launch_simulation -simset sim_1 -mode behavioral
INFO: [Vivado 12-5682] Launching behavioral simulation in 'C:/Users/uzivatel/Documents/github/DE1_project/project_de1/project_de1.sim/sim_1/behav/xsim'
INFO: [USF-XSim-3] XSim::Elaborate design
INFO: [USF-XSim-61] Executing 'ELABORATE' step in 'C:/Users/uzivatel/Documents/github/DE1_project/project_de1/project_de1.sim/sim_1/behav/xsim'
"xelab -wto ed2ecd6524bc483eb159ccec19ff074a --incr --debug typical --relax --mt 2 -L xil_defaultlib -L secureip --snapshot tb_fsm_behav xil_defaultlib.tb_fsm -log elaborate.log"
Vivado Simulator 2020.2
Copyright 1986-1999, 2001-2020 Xilinx, Inc. All Rights Reserved.
Running: C:/Xilinx/Vivado/2020.2/bin/unwrapped/win64.o/xelab.exe -wto ed2ecd6524bc483eb159ccec19ff074a --incr --debug typical --relax --mt 2 -L xil_defaultlib -L secureip --snapshot tb_fsm_behav xil_defaultlib.tb_fsm -log elaborate.log 
Using 2 slave threads.
Starting static elaboration
Completed static elaboration
Starting simulation data flow analysis
Completed simulation data flow analysis
Time Resolution for simulation is 1ps
Compiling package std.standard
Compiling package std.textio
Compiling package ieee.std_logic_1164
Compiling package ieee.numeric_std
Compiling architecture behavioral of entity xil_defaultlib.fsm [fsm_default]
Compiling architecture testbench of entity xil_defaultlib.tb_fsm
Built simulation snapshot tb_fsm_behav
INFO: [USF-XSim-69] 'elaborate' step finished in '3' seconds
Vivado Simulator 2020.2
Time resolution is 1 ps
relaunch_sim: Time (s): cpu = 00:00:02 ; elapsed = 00:00:09 . Memory (MB): peak = 1401.273 ; gain = 0.000
relaunch_sim
Command: launch_simulation -simset sim_1 -mode behavioral
INFO: [Vivado 12-5682] Launching behavioral simulation in 'C:/Users/uzivatel/Documents/github/DE1_project/project_de1/project_de1.sim/sim_1/behav/xsim'
INFO: [SIM-utils-51] Simulation object is 'sim_1'
INFO: [SIM-utils-54] Inspecting design source files for 'tb_fsm' in fileset 'sim_1'...
INFO: [USF-XSim-97] Finding global include files...
INFO: [USF-XSim-98] Fetching design files from 'sim_1'...
INFO: [USF-XSim-2] XSim::Compile design
INFO: [USF-XSim-61] Executing 'COMPILE and ANALYZE' step in 'C:/Users/uzivatel/Documents/github/DE1_project/project_de1/project_de1.sim/sim_1/behav/xsim'
"xvhdl --incr --relax -prj tb_fsm_vhdl.prj"
INFO: [VRFC 10-163] Analyzing VHDL file "C:/Users/uzivatel/Documents/github/DE1_project/project_de1/project_de1.srcs/sources_1/new/fsm.vhd" into library xil_defaultlib
INFO: [VRFC 10-3107] analyzing entity 'fsm'
INFO: [VRFC 10-163] Analyzing VHDL file "C:/Users/uzivatel/Documents/github/DE1_project/project_de1/project_de1.srcs/sim_1/new/tb_fsm.vhd" into library xil_defaultlib
INFO: [VRFC 10-3107] analyzing entity 'tb_fsm'
INFO: [USF-XSim-69] 'compile' step finished in '3' seconds
Command: launch_simulation -simset sim_1 -mode behavioral
INFO: [Vivado 12-5682] Launching behavioral simulation in 'C:/Users/uzivatel/Documents/github/DE1_project/project_de1/project_de1.sim/sim_1/behav/xsim'
INFO: [USF-XSim-3] XSim::Elaborate design
INFO: [USF-XSim-61] Executing 'ELABORATE' step in 'C:/Users/uzivatel/Documents/github/DE1_project/project_de1/project_de1.sim/sim_1/behav/xsim'
"xelab -wto ed2ecd6524bc483eb159ccec19ff074a --incr --debug typical --relax --mt 2 -L xil_defaultlib -L secureip --snapshot tb_fsm_behav xil_defaultlib.tb_fsm -log elaborate.log"
Vivado Simulator 2020.2
Copyright 1986-1999, 2001-2020 Xilinx, Inc. All Rights Reserved.
Running: C:/Xilinx/Vivado/2020.2/bin/unwrapped/win64.o/xelab.exe -wto ed2ecd6524bc483eb159ccec19ff074a --incr --debug typical --relax --mt 2 -L xil_defaultlib -L secureip --snapshot tb_fsm_behav xil_defaultlib.tb_fsm -log elaborate.log 
Using 2 slave threads.
Starting static elaboration
Completed static elaboration
Starting simulation data flow analysis
Completed simulation data flow analysis
Time Resolution for simulation is 1ps
Compiling package std.standard
Compiling package std.textio
Compiling package ieee.std_logic_1164
Compiling package ieee.numeric_std
Compiling architecture behavioral of entity xil_defaultlib.fsm [fsm_default]
Compiling architecture testbench of entity xil_defaultlib.tb_fsm
Built simulation snapshot tb_fsm_behav
INFO: [USF-XSim-69] 'elaborate' step finished in '3' seconds
Vivado Simulator 2020.2
Time resolution is 1 ps
relaunch_sim: Time (s): cpu = 00:00:02 ; elapsed = 00:00:09 . Memory (MB): peak = 1447.535 ; gain = 0.000
relaunch_sim
Command: launch_simulation -simset sim_1 -mode behavioral
INFO: [Vivado 12-5682] Launching behavioral simulation in 'C:/Users/uzivatel/Documents/github/DE1_project/project_de1/project_de1.sim/sim_1/behav/xsim'
INFO: [SIM-utils-51] Simulation object is 'sim_1'
INFO: [SIM-utils-54] Inspecting design source files for 'tb_fsm' in fileset 'sim_1'...
INFO: [USF-XSim-97] Finding global include files...
INFO: [USF-XSim-98] Fetching design files from 'sim_1'...
INFO: [USF-XSim-2] XSim::Compile design
INFO: [USF-XSim-61] Executing 'COMPILE and ANALYZE' step in 'C:/Users/uzivatel/Documents/github/DE1_project/project_de1/project_de1.sim/sim_1/behav/xsim'
"xvhdl --incr --relax -prj tb_fsm_vhdl.prj"
INFO: [VRFC 10-163] Analyzing VHDL file "C:/Users/uzivatel/Documents/github/DE1_project/project_de1/project_de1.srcs/sim_1/new/tb_fsm.vhd" into library xil_defaultlib
INFO: [VRFC 10-3107] analyzing entity 'tb_fsm'
INFO: [USF-XSim-69] 'compile' step finished in '2' seconds
Command: launch_simulation -simset sim_1 -mode behavioral
INFO: [Vivado 12-5682] Launching behavioral simulation in 'C:/Users/uzivatel/Documents/github/DE1_project/project_de1/project_de1.sim/sim_1/behav/xsim'
INFO: [USF-XSim-3] XSim::Elaborate design
INFO: [USF-XSim-61] Executing 'ELABORATE' step in 'C:/Users/uzivatel/Documents/github/DE1_project/project_de1/project_de1.sim/sim_1/behav/xsim'
"xelab -wto ed2ecd6524bc483eb159ccec19ff074a --incr --debug typical --relax --mt 2 -L xil_defaultlib -L secureip --snapshot tb_fsm_behav xil_defaultlib.tb_fsm -log elaborate.log"
Vivado Simulator 2020.2
Copyright 1986-1999, 2001-2020 Xilinx, Inc. All Rights Reserved.
Running: C:/Xilinx/Vivado/2020.2/bin/unwrapped/win64.o/xelab.exe -wto ed2ecd6524bc483eb159ccec19ff074a --incr --debug typical --relax --mt 2 -L xil_defaultlib -L secureip --snapshot tb_fsm_behav xil_defaultlib.tb_fsm -log elaborate.log 
Using 2 slave threads.
Starting static elaboration
Completed static elaboration
Starting simulation data flow analysis
Completed simulation data flow analysis
Time Resolution for simulation is 1ps
Compiling package std.standard
Compiling package std.textio
Compiling package ieee.std_logic_1164
Compiling package ieee.numeric_std
Compiling architecture behavioral of entity xil_defaultlib.fsm [fsm_default]
Compiling architecture testbench of entity xil_defaultlib.tb_fsm
Built simulation snapshot tb_fsm_behav
INFO: [USF-XSim-69] 'elaborate' step finished in '4' seconds
Vivado Simulator 2020.2
Time resolution is 1 ps
relaunch_sim: Time (s): cpu = 00:00:02 ; elapsed = 00:00:09 . Memory (MB): peak = 1447.535 ; gain = 0.000
relaunch_sim
Command: launch_simulation -simset sim_1 -mode behavioral
INFO: [Vivado 12-5682] Launching behavioral simulation in 'C:/Users/uzivatel/Documents/github/DE1_project/project_de1/project_de1.sim/sim_1/behav/xsim'
INFO: [SIM-utils-51] Simulation object is 'sim_1'
INFO: [SIM-utils-54] Inspecting design source files for 'tb_fsm' in fileset 'sim_1'...
INFO: [USF-XSim-97] Finding global include files...
INFO: [USF-XSim-98] Fetching design files from 'sim_1'...
INFO: [USF-XSim-2] XSim::Compile design
INFO: [USF-XSim-61] Executing 'COMPILE and ANALYZE' step in 'C:/Users/uzivatel/Documents/github/DE1_project/project_de1/project_de1.sim/sim_1/behav/xsim'
"xvhdl --incr --relax -prj tb_fsm_vhdl.prj"
INFO: [VRFC 10-163] Analyzing VHDL file "C:/Users/uzivatel/Documents/github/DE1_project/project_de1/project_de1.srcs/sources_1/new/fsm.vhd" into library xil_defaultlib
INFO: [VRFC 10-3107] analyzing entity 'fsm'
INFO: [VRFC 10-163] Analyzing VHDL file "C:/Users/uzivatel/Documents/github/DE1_project/project_de1/project_de1.srcs/sim_1/new/tb_fsm.vhd" into library xil_defaultlib
INFO: [VRFC 10-3107] analyzing entity 'tb_fsm'
INFO: [USF-XSim-69] 'compile' step finished in '2' seconds
Command: launch_simulation -simset sim_1 -mode behavioral
INFO: [Vivado 12-5682] Launching behavioral simulation in 'C:/Users/uzivatel/Documents/github/DE1_project/project_de1/project_de1.sim/sim_1/behav/xsim'
INFO: [USF-XSim-3] XSim::Elaborate design
INFO: [USF-XSim-61] Executing 'ELABORATE' step in 'C:/Users/uzivatel/Documents/github/DE1_project/project_de1/project_de1.sim/sim_1/behav/xsim'
"xelab -wto ed2ecd6524bc483eb159ccec19ff074a --incr --debug typical --relax --mt 2 -L xil_defaultlib -L secureip --snapshot tb_fsm_behav xil_defaultlib.tb_fsm -log elaborate.log"
Vivado Simulator 2020.2
Copyright 1986-1999, 2001-2020 Xilinx, Inc. All Rights Reserved.
Running: C:/Xilinx/Vivado/2020.2/bin/unwrapped/win64.o/xelab.exe -wto ed2ecd6524bc483eb159ccec19ff074a --incr --debug typical --relax --mt 2 -L xil_defaultlib -L secureip --snapshot tb_fsm_behav xil_defaultlib.tb_fsm -log elaborate.log 
Using 2 slave threads.
Starting static elaboration
Completed static elaboration
Starting simulation data flow analysis
Completed simulation data flow analysis
Time Resolution for simulation is 1ps
Compiling package std.standard
Compiling package std.textio
Compiling package ieee.std_logic_1164
Compiling package ieee.numeric_std
Compiling architecture behavioral of entity xil_defaultlib.fsm [fsm_default]
Compiling architecture testbench of entity xil_defaultlib.tb_fsm
Built simulation snapshot tb_fsm_behav
INFO: [USF-XSim-69] 'elaborate' step finished in '3' seconds
Vivado Simulator 2020.2
Time resolution is 1 ps
relaunch_sim: Time (s): cpu = 00:00:03 ; elapsed = 00:00:10 . Memory (MB): peak = 1447.535 ; gain = 0.000
relaunch_sim
Command: launch_simulation -simset sim_1 -mode behavioral
INFO: [Vivado 12-5682] Launching behavioral simulation in 'C:/Users/uzivatel/Documents/github/DE1_project/project_de1/project_de1.sim/sim_1/behav/xsim'
INFO: [SIM-utils-51] Simulation object is 'sim_1'
INFO: [SIM-utils-54] Inspecting design source files for 'tb_fsm' in fileset 'sim_1'...
INFO: [USF-XSim-97] Finding global include files...
INFO: [USF-XSim-98] Fetching design files from 'sim_1'...
INFO: [USF-XSim-2] XSim::Compile design
INFO: [USF-XSim-61] Executing 'COMPILE and ANALYZE' step in 'C:/Users/uzivatel/Documents/github/DE1_project/project_de1/project_de1.sim/sim_1/behav/xsim'
"xvhdl --incr --relax -prj tb_fsm_vhdl.prj"
INFO: [VRFC 10-163] Analyzing VHDL file "C:/Users/uzivatel/Documents/github/DE1_project/project_de1/project_de1.srcs/sources_1/new/fsm.vhd" into library xil_defaultlib
INFO: [VRFC 10-3107] analyzing entity 'fsm'
INFO: [VRFC 10-163] Analyzing VHDL file "C:/Users/uzivatel/Documents/github/DE1_project/project_de1/project_de1.srcs/sim_1/new/tb_fsm.vhd" into library xil_defaultlib
INFO: [VRFC 10-3107] analyzing entity 'tb_fsm'
INFO: [USF-XSim-69] 'compile' step finished in '2' seconds
Command: launch_simulation -simset sim_1 -mode behavioral
INFO: [Vivado 12-5682] Launching behavioral simulation in 'C:/Users/uzivatel/Documents/github/DE1_project/project_de1/project_de1.sim/sim_1/behav/xsim'
INFO: [USF-XSim-3] XSim::Elaborate design
INFO: [USF-XSim-61] Executing 'ELABORATE' step in 'C:/Users/uzivatel/Documents/github/DE1_project/project_de1/project_de1.sim/sim_1/behav/xsim'
"xelab -wto ed2ecd6524bc483eb159ccec19ff074a --incr --debug typical --relax --mt 2 -L xil_defaultlib -L secureip --snapshot tb_fsm_behav xil_defaultlib.tb_fsm -log elaborate.log"
Vivado Simulator 2020.2
Copyright 1986-1999, 2001-2020 Xilinx, Inc. All Rights Reserved.
Running: C:/Xilinx/Vivado/2020.2/bin/unwrapped/win64.o/xelab.exe -wto ed2ecd6524bc483eb159ccec19ff074a --incr --debug typical --relax --mt 2 -L xil_defaultlib -L secureip --snapshot tb_fsm_behav xil_defaultlib.tb_fsm -log elaborate.log 
Using 2 slave threads.
Starting static elaboration
Completed static elaboration
Starting simulation data flow analysis
Completed simulation data flow analysis
Time Resolution for simulation is 1ps
Compiling package std.standard
Compiling package std.textio
Compiling package ieee.std_logic_1164
Compiling package ieee.numeric_std
Compiling architecture behavioral of entity xil_defaultlib.fsm [fsm_default]
Compiling architecture testbench of entity xil_defaultlib.tb_fsm
Built simulation snapshot tb_fsm_behav
INFO: [USF-XSim-69] 'elaborate' step finished in '3' seconds
Vivado Simulator 2020.2
Time resolution is 1 ps
relaunch_sim: Time (s): cpu = 00:00:02 ; elapsed = 00:00:09 . Memory (MB): peak = 1447.535 ; gain = 0.000
relaunch_sim
Command: launch_simulation -simset sim_1 -mode behavioral
INFO: [Vivado 12-5682] Launching behavioral simulation in 'C:/Users/uzivatel/Documents/github/DE1_project/project_de1/project_de1.sim/sim_1/behav/xsim'
INFO: [SIM-utils-51] Simulation object is 'sim_1'
INFO: [SIM-utils-54] Inspecting design source files for 'tb_fsm' in fileset 'sim_1'...
INFO: [USF-XSim-97] Finding global include files...
INFO: [USF-XSim-98] Fetching design files from 'sim_1'...
INFO: [USF-XSim-2] XSim::Compile design
INFO: [USF-XSim-61] Executing 'COMPILE and ANALYZE' step in 'C:/Users/uzivatel/Documents/github/DE1_project/project_de1/project_de1.sim/sim_1/behav/xsim'
"xvhdl --incr --relax -prj tb_fsm_vhdl.prj"
INFO: [VRFC 10-163] Analyzing VHDL file "C:/Users/uzivatel/Documents/github/DE1_project/project_de1/project_de1.srcs/sim_1/new/tb_fsm.vhd" into library xil_defaultlib
INFO: [VRFC 10-3107] analyzing entity 'tb_fsm'
INFO: [USF-XSim-69] 'compile' step finished in '2' seconds
Command: launch_simulation -simset sim_1 -mode behavioral
INFO: [Vivado 12-5682] Launching behavioral simulation in 'C:/Users/uzivatel/Documents/github/DE1_project/project_de1/project_de1.sim/sim_1/behav/xsim'
INFO: [USF-XSim-3] XSim::Elaborate design
INFO: [USF-XSim-61] Executing 'ELABORATE' step in 'C:/Users/uzivatel/Documents/github/DE1_project/project_de1/project_de1.sim/sim_1/behav/xsim'
"xelab -wto ed2ecd6524bc483eb159ccec19ff074a --incr --debug typical --relax --mt 2 -L xil_defaultlib -L secureip --snapshot tb_fsm_behav xil_defaultlib.tb_fsm -log elaborate.log"
Vivado Simulator 2020.2
Copyright 1986-1999, 2001-2020 Xilinx, Inc. All Rights Reserved.
Running: C:/Xilinx/Vivado/2020.2/bin/unwrapped/win64.o/xelab.exe -wto ed2ecd6524bc483eb159ccec19ff074a --incr --debug typical --relax --mt 2 -L xil_defaultlib -L secureip --snapshot tb_fsm_behav xil_defaultlib.tb_fsm -log elaborate.log 
Using 2 slave threads.
Starting static elaboration
Completed static elaboration
Starting simulation data flow analysis
Completed simulation data flow analysis
Time Resolution for simulation is 1ps
Compiling package std.standard
Compiling package std.textio
Compiling package ieee.std_logic_1164
Compiling package ieee.numeric_std
Compiling architecture behavioral of entity xil_defaultlib.fsm [fsm_default]
Compiling architecture testbench of entity xil_defaultlib.tb_fsm
Built simulation snapshot tb_fsm_behav
INFO: [USF-XSim-69] 'elaborate' step finished in '3' seconds
Vivado Simulator 2020.2
Time resolution is 1 ps
relaunch_sim: Time (s): cpu = 00:00:02 ; elapsed = 00:00:09 . Memory (MB): peak = 1447.535 ; gain = 0.000
relaunch_sim
Command: launch_simulation -simset sim_1 -mode behavioral
INFO: [Vivado 12-5682] Launching behavioral simulation in 'C:/Users/uzivatel/Documents/github/DE1_project/project_de1/project_de1.sim/sim_1/behav/xsim'
INFO: [SIM-utils-51] Simulation object is 'sim_1'
INFO: [SIM-utils-54] Inspecting design source files for 'tb_fsm' in fileset 'sim_1'...
INFO: [USF-XSim-97] Finding global include files...
INFO: [USF-XSim-98] Fetching design files from 'sim_1'...
INFO: [USF-XSim-2] XSim::Compile design
INFO: [USF-XSim-61] Executing 'COMPILE and ANALYZE' step in 'C:/Users/uzivatel/Documents/github/DE1_project/project_de1/project_de1.sim/sim_1/behav/xsim'
"xvhdl --incr --relax -prj tb_fsm_vhdl.prj"
INFO: [VRFC 10-163] Analyzing VHDL file "C:/Users/uzivatel/Documents/github/DE1_project/project_de1/project_de1.srcs/sim_1/new/tb_fsm.vhd" into library xil_defaultlib
INFO: [VRFC 10-3107] analyzing entity 'tb_fsm'
INFO: [USF-XSim-69] 'compile' step finished in '3' seconds
Command: launch_simulation -simset sim_1 -mode behavioral
INFO: [Vivado 12-5682] Launching behavioral simulation in 'C:/Users/uzivatel/Documents/github/DE1_project/project_de1/project_de1.sim/sim_1/behav/xsim'
INFO: [USF-XSim-3] XSim::Elaborate design
INFO: [USF-XSim-61] Executing 'ELABORATE' step in 'C:/Users/uzivatel/Documents/github/DE1_project/project_de1/project_de1.sim/sim_1/behav/xsim'
"xelab -wto ed2ecd6524bc483eb159ccec19ff074a --incr --debug typical --relax --mt 2 -L xil_defaultlib -L secureip --snapshot tb_fsm_behav xil_defaultlib.tb_fsm -log elaborate.log"
Vivado Simulator 2020.2
Copyright 1986-1999, 2001-2020 Xilinx, Inc. All Rights Reserved.
Running: C:/Xilinx/Vivado/2020.2/bin/unwrapped/win64.o/xelab.exe -wto ed2ecd6524bc483eb159ccec19ff074a --incr --debug typical --relax --mt 2 -L xil_defaultlib -L secureip --snapshot tb_fsm_behav xil_defaultlib.tb_fsm -log elaborate.log 
Using 2 slave threads.
Starting static elaboration
Completed static elaboration
Starting simulation data flow analysis
Completed simulation data flow analysis
Time Resolution for simulation is 1ps
Compiling package std.standard
Compiling package std.textio
Compiling package ieee.std_logic_1164
Compiling package ieee.numeric_std
Compiling architecture behavioral of entity xil_defaultlib.fsm [fsm_default]
Compiling architecture testbench of entity xil_defaultlib.tb_fsm
Built simulation snapshot tb_fsm_behav
INFO: [USF-XSim-69] 'elaborate' step finished in '4' seconds
Vivado Simulator 2020.2
Time resolution is 1 ps
relaunch_sim: Time (s): cpu = 00:00:02 ; elapsed = 00:00:12 . Memory (MB): peak = 1447.535 ; gain = 0.000
close_sim
INFO: [Simtcl 6-16] Simulation closed
launch_simulation
Command: launch_simulation 
INFO: [Vivado 12-5682] Launching behavioral simulation in 'C:/Users/uzivatel/Documents/github/DE1_project/project_de1/project_de1.sim/sim_1/behav/xsim'
INFO: [SIM-utils-51] Simulation object is 'sim_1'
INFO: [SIM-utils-54] Inspecting design source files for 'tb_fsm' in fileset 'sim_1'...
INFO: [USF-XSim-97] Finding global include files...
INFO: [USF-XSim-98] Fetching design files from 'sim_1'...
INFO: [USF-XSim-2] XSim::Compile design
INFO: [USF-XSim-61] Executing 'COMPILE and ANALYZE' step in 'C:/Users/uzivatel/Documents/github/DE1_project/project_de1/project_de1.sim/sim_1/behav/xsim'
"xvhdl --incr --relax -prj tb_fsm_vhdl.prj"
INFO: [VRFC 10-163] Analyzing VHDL file "C:/Users/uzivatel/Documents/github/DE1_project/project_de1/project_de1.srcs/sources_1/new/fsm.vhd" into library xil_defaultlib
INFO: [VRFC 10-3107] analyzing entity 'fsm'
INFO: [VRFC 10-163] Analyzing VHDL file "C:/Users/uzivatel/Documents/github/DE1_project/project_de1/project_de1.srcs/sim_1/new/tb_fsm.vhd" into library xil_defaultlib
INFO: [VRFC 10-3107] analyzing entity 'tb_fsm'
INFO: [USF-XSim-69] 'compile' step finished in '2' seconds
INFO: [USF-XSim-3] XSim::Elaborate design
INFO: [USF-XSim-61] Executing 'ELABORATE' step in 'C:/Users/uzivatel/Documents/github/DE1_project/project_de1/project_de1.sim/sim_1/behav/xsim'
"xelab -wto ed2ecd6524bc483eb159ccec19ff074a --incr --debug typical --relax --mt 2 -L xil_defaultlib -L secureip --snapshot tb_fsm_behav xil_defaultlib.tb_fsm -log elaborate.log"
Vivado Simulator 2020.2
Copyright 1986-1999, 2001-2020 Xilinx, Inc. All Rights Reserved.
Running: C:/Xilinx/Vivado/2020.2/bin/unwrapped/win64.o/xelab.exe -wto ed2ecd6524bc483eb159ccec19ff074a --incr --debug typical --relax --mt 2 -L xil_defaultlib -L secureip --snapshot tb_fsm_behav xil_defaultlib.tb_fsm -log elaborate.log 
Using 2 slave threads.
Starting static elaboration
Completed static elaboration
Starting simulation data flow analysis
Completed simulation data flow analysis
Time Resolution for simulation is 1ps
Compiling package std.standard
Compiling package std.textio
Compiling package ieee.std_logic_1164
Compiling package ieee.numeric_std
Compiling architecture behavioral of entity xil_defaultlib.fsm [fsm_default]
Compiling architecture testbench of entity xil_defaultlib.tb_fsm
Built simulation snapshot tb_fsm_behav
INFO: [USF-XSim-69] 'elaborate' step finished in '3' seconds
INFO: [USF-XSim-4] XSim::Simulate design
INFO: [USF-XSim-61] Executing 'SIMULATE' step in 'C:/Users/uzivatel/Documents/github/DE1_project/project_de1/project_de1.sim/sim_1/behav/xsim'
INFO: [USF-XSim-98] *** Running xsim
   with args "tb_fsm_behav -key {Behavioral:sim_1:Functional:tb_fsm} -tclbatch {tb_fsm.tcl} -view {C:/Users/uzivatel/Documents/github/DE1_project/project_de1/tb_fsm_behav.wcfg} -log {simulate.log}"
INFO: [USF-XSim-8] Loading simulator feature
Vivado Simulator 2020.2
Time resolution is 1 ps
open_wave_config C:/Users/uzivatel/Documents/github/DE1_project/project_de1/tb_fsm_behav.wcfg
source tb_fsm.tcl
# set curr_wave [current_wave_config]
# if { [string length $curr_wave] == 0 } {
#   if { [llength [get_objects]] > 0} {
#     add_wave /
#     set_property needs_save false [current_wave_config]
#   } else {
#      send_msg_id Add_Wave-1 WARNING "No top level signals found. Simulator will start without a wave window. If you want to open a wave window go to 'File->New Waveform Configuration' or type 'create_wave_config' in the TCL console."
#   }
# }
# run 10000ns
INFO: [USF-XSim-96] XSim completed. Design snapshot 'tb_fsm_behav' loaded.
INFO: [USF-XSim-97] XSim simulation ran for 10000ns
launch_simulation: Time (s): cpu = 00:00:05 ; elapsed = 00:00:10 . Memory (MB): peak = 1447.535 ; gain = 0.000
close_sim
INFO: [Simtcl 6-16] Simulation closed
exit
INFO: [Common 17-206] Exiting Vivado at Tue Apr 20 01:34:44 2021...
