#-----------------------------------------------------------
# Vivado v2020.2 (64-bit)
# SW Build 3064766 on Wed Nov 18 09:12:45 MST 2020
# IP Build 3064653 on Wed Nov 18 14:17:31 MST 2020
# Start of session at: Sun Apr 18 21:30:33 2021
# Process ID: 2832
# Current directory: C:/Users/uzivatel/Documents/github/DE1_project/project_de1
# Command line: vivado.exe -gui_launcher_event rodinguilauncherevent11736 C:\Users\uzivatel\Documents\github\DE1_project\project_de1\project_de1.xpr
# Log file: C:/Users/uzivatel/Documents/github/DE1_project/project_de1/vivado.log
# Journal file: C:/Users/uzivatel/Documents/github/DE1_project/project_de1\vivado.jou
#-----------------------------------------------------------
start_gui
open_project C:/Users/uzivatel/Documents/github/DE1_project/project_de1/project_de1.xpr
INFO: [Project 1-313] Project file moved from 'D:/VUT_FEKT/2nd/electronics/DE1/Cp/DE1_project/project_de1' since last save.
WARNING: [filemgmt 56-2] Default IP Output Path : Could not find the directory 'C:/Users/uzivatel/Documents/github/DE1_project/project_de1/project_de1.gen/sources_1', nor could it be found using path 'D:/VUT_FEKT/2nd/electronics/DE1/Cp/DE1_project/project_de1/project_de1.gen/sources_1'.
Scanning sources...
Finished scanning sources
INFO: [IP_Flow 19-234] Refreshing IP repositories
INFO: [IP_Flow 19-1704] No user IP repositories specified
INFO: [IP_Flow 19-2313] Loaded Vivado IP repository 'C:/Xilinx/Vivado/2020.2/data/ip'.
open_project: Time (s): cpu = 00:00:23 ; elapsed = 00:00:11 . Memory (MB): peak = 1003.621 ; gain = 0.000
update_compile_order -fileset sources_1
launch_simulation
Command: launch_simulation 
INFO: [Vivado 12-5682] Launching behavioral simulation in 'C:/Users/uzivatel/Documents/github/DE1_project/project_de1/project_de1.sim/sim_1/behav/xsim'
INFO: [SIM-utils-51] Simulation object is 'sim_1'
INFO: [SIM-utils-54] Inspecting design source files for 'tb_keyboard' in fileset 'sim_1'...
INFO: [USF-XSim-97] Finding global include files...
INFO: [USF-XSim-98] Fetching design files from 'sim_1'...
INFO: [USF-XSim-2] XSim::Compile design
INFO: [USF-XSim-61] Executing 'COMPILE and ANALYZE' step in 'C:/Users/uzivatel/Documents/github/DE1_project/project_de1/project_de1.sim/sim_1/behav/xsim'
"xvhdl --incr --relax -prj tb_keyboard_vhdl.prj"
INFO: [VRFC 10-163] Analyzing VHDL file "C:/Users/uzivatel/Documents/github/DE1_project/project_de1/project_de1.srcs/sources_1/new/clock_enable.vhd" into library xil_defaultlib
INFO: [VRFC 10-3107] analyzing entity 'clock_enable'
INFO: [VRFC 10-163] Analyzing VHDL file "C:/Users/uzivatel/Documents/github/DE1_project/project_de1/project_de1.srcs/sources_1/new/keyboard.vhd" into library xil_defaultlib
INFO: [VRFC 10-3107] analyzing entity 'keyboard'
INFO: [VRFC 10-163] Analyzing VHDL file "C:/Users/uzivatel/Documents/github/DE1_project/project_de1/project_de1.srcs/sim_1/new/tb_keyboard.vhd" into library xil_defaultlib
INFO: [VRFC 10-3107] analyzing entity 'tb_keyboard'
INFO: [USF-XSim-69] 'compile' step finished in '2' seconds
INFO: [USF-XSim-3] XSim::Elaborate design
INFO: [USF-XSim-61] Executing 'ELABORATE' step in 'C:/Users/uzivatel/Documents/github/DE1_project/project_de1/project_de1.sim/sim_1/behav/xsim'
"xelab -wto ed2ecd6524bc483eb159ccec19ff074a --incr --debug typical --relax --mt 2 -L xil_defaultlib -L secureip --snapshot tb_keyboard_behav xil_defaultlib.tb_keyboard -log elaborate.log"
Vivado Simulator 2020.2
Copyright 1986-1999, 2001-2020 Xilinx, Inc. All Rights Reserved.
Running: C:/Xilinx/Vivado/2020.2/bin/unwrapped/win64.o/xelab.exe -wto ed2ecd6524bc483eb159ccec19ff074a --incr --debug typical --relax --mt 2 -L xil_defaultlib -L secureip --snapshot tb_keyboard_behav xil_defaultlib.tb_keyboard -log elaborate.log 
Using 2 slave threads.
Starting static elaboration
Completed static elaboration
Starting simulation data flow analysis
Completed simulation data flow analysis
Time Resolution for simulation is 1ps
Compiling package std.standard
Compiling package std.textio
Compiling package ieee.std_logic_1164
Compiling package ieee.numeric_std
Compiling architecture behavioral of entity xil_defaultlib.clock_enable [\clock_enable(g_max=1)\]
Compiling architecture behavioral of entity xil_defaultlib.keyboard [keyboard_default]
Compiling architecture testbench of entity xil_defaultlib.tb_keyboard
Built simulation snapshot tb_keyboard_behav

****** Webtalk v2020.2 (64-bit)
  **** SW Build 3064766 on Wed Nov 18 09:12:45 MST 2020
  **** IP Build 3064653 on Wed Nov 18 14:17:31 MST 2020
    ** Copyright 1986-2020 Xilinx, Inc. All Rights Reserved.

source C:/Users/uzivatel/Documents/github/DE1_project/project_de1/project_de1.sim/sim_1/behav/xsim/xsim.dir/tb_keyboard_behav/webtalk/xsim_webtalk.tcl -notrace
INFO: [Common 17-186] 'C:/Users/uzivatel/Documents/github/DE1_project/project_de1/project_de1.sim/sim_1/behav/xsim/xsim.dir/tb_keyboard_behav/webtalk/usage_statistics_ext_xsim.xml' has been successfully sent to Xilinx on Sun Apr 18 21:33:58 2021. For additional details about this file, please refer to the WebTalk help file at C:/Xilinx/Vivado/2020.2/doc/webtalk_introduction.html.
INFO: [Common 17-206] Exiting Webtalk at Sun Apr 18 21:33:58 2021...
run_program: Time (s): cpu = 00:00:03 ; elapsed = 00:00:13 . Memory (MB): peak = 1003.621 ; gain = 0.000
INFO: [USF-XSim-69] 'elaborate' step finished in '13' seconds
INFO: [USF-XSim-4] XSim::Simulate design
INFO: [USF-XSim-61] Executing 'SIMULATE' step in 'C:/Users/uzivatel/Documents/github/DE1_project/project_de1/project_de1.sim/sim_1/behav/xsim'
INFO: [USF-XSim-98] *** Running xsim
   with args "tb_keyboard_behav -key {Behavioral:sim_1:Functional:tb_keyboard} -tclbatch {tb_keyboard.tcl} -log {simulate.log}"
INFO: [USF-XSim-8] Loading simulator feature
Vivado Simulator 2020.2
Time resolution is 1 ps
source tb_keyboard.tcl
# set curr_wave [current_wave_config]
# if { [string length $curr_wave] == 0 } {
#   if { [llength [get_objects]] > 0} {
#     add_wave /
#     set_property needs_save false [current_wave_config]
#   } else {
#      send_msg_id Add_Wave-1 WARNING "No top level signals found. Simulator will start without a wave window. If you want to open a wave window go to 'File->New Waveform Configuration' or type 'create_wave_config' in the TCL console."
#   }
# }
# run 1000ns
Note: Stimulus process started
Time: 0 ps  Iteration: 0  Process: /tb_keyboard/p_stimulus  File: C:/Users/uzivatel/Documents/github/DE1_project/project_de1/project_de1.srcs/sim_1/new/tb_keyboard.vhd
Note: running keyboard tests
Time: 0 ps  Iteration: 0  Process: /tb_keyboard/p_stimulus  File: C:/Users/uzivatel/Documents/github/DE1_project/project_de1/project_de1.srcs/sim_1/new/tb_keyboard.vhd
Note: Stimulus process finished
Time: 795 ns  Iteration: 0  Process: /tb_keyboard/p_stimulus  File: C:/Users/uzivatel/Documents/github/DE1_project/project_de1/project_de1.srcs/sim_1/new/tb_keyboard.vhd
xsim: Time (s): cpu = 00:00:16 ; elapsed = 00:00:06 . Memory (MB): peak = 1003.621 ; gain = 0.000
INFO: [USF-XSim-96] XSim completed. Design snapshot 'tb_keyboard_behav' loaded.
INFO: [USF-XSim-97] XSim simulation ran for 1000ns
launch_simulation: Time (s): cpu = 00:00:22 ; elapsed = 00:00:23 . Memory (MB): peak = 1003.621 ; gain = 0.000
close_sim
INFO: [Simtcl 6-16] Simulation closed
close_sim: Time (s): cpu = 00:00:02 ; elapsed = 00:00:09 . Memory (MB): peak = 1003.621 ; gain = 0.000
exit
INFO: [Common 17-206] Exiting Vivado at Sun Apr 18 21:39:01 2021...
