
*** Running vivado
    with args -log top.vds -m64 -product Vivado -mode batch -messageDb vivado.pb -notrace -source top.tcl



****** Vivado v2020.2 (64-bit)
  **** SW Build 3064766 on Wed Nov 18 09:12:45 MST 2020
  **** IP Build 3064653 on Wed Nov 18 14:17:31 MST 2020
    ** Copyright 1986-2020 Xilinx, Inc. All Rights Reserved.

source top.tcl -notrace
Command: synth_design -top top -part xc7k70tfbv676-1
Starting synth_design
Attempting to get a license for feature 'Synthesis' and/or device 'xc7k70t'
INFO: [Common 17-349] Got license for feature 'Synthesis' and/or device 'xc7k70t'
INFO: [Device 21-403] Loading part xc7k70tfbv676-1
INFO: [Synth 8-7079] Multithreading enabled for synth_design using a maximum of 2 processes.
INFO: [Synth 8-7078] Launching helper process for spawning children vivado processes
INFO: [Synth 8-7075] Helper process launched with PID 2160
---------------------------------------------------------------------------------
Starting RTL Elaboration : Time (s): cpu = 00:00:11 ; elapsed = 00:00:14 . Memory (MB): peak = 1002.176 ; gain = 0.000
---------------------------------------------------------------------------------
INFO: [Synth 8-638] synthesizing module 'top' [C:/Users/uzivatel/Documents/github/DE1_project/project_de1/project_de1.srcs/sources_1/new/top.vhd:51]
INFO: [Synth 8-638] synthesizing module 'fsm' [C:/Users/uzivatel/Documents/github/DE1_project/project_de1/project_de1.srcs/sources_1/new/fsm.vhd:29]
INFO: [Synth 8-638] synthesizing module 'clock_enable' [C:/Users/uzivatel/Documents/github/DE1_project/project_de1/project_de1.srcs/sources_1/new/clock_enable.vhd:35]
	Parameter g_MAX bound to: 25 - type: integer 
INFO: [Synth 8-256] done synthesizing module 'clock_enable' (1#1) [C:/Users/uzivatel/Documents/github/DE1_project/project_de1/project_de1.srcs/sources_1/new/clock_enable.vhd:35]
INFO: [Synth 8-256] done synthesizing module 'fsm' (2#1) [C:/Users/uzivatel/Documents/github/DE1_project/project_de1/project_de1.srcs/sources_1/new/fsm.vhd:29]
INFO: [Synth 8-638] synthesizing module 'keyboard' [C:/Users/uzivatel/Documents/github/DE1_project/project_de1/project_de1.srcs/sources_1/new/keyboard.vhd:15]
INFO: [Synth 8-638] synthesizing module 'clock_enable__parameterized0' [C:/Users/uzivatel/Documents/github/DE1_project/project_de1/project_de1.srcs/sources_1/new/clock_enable.vhd:35]
	Parameter g_MAX bound to: 1 - type: integer 
INFO: [Synth 8-256] done synthesizing module 'clock_enable__parameterized0' (2#1) [C:/Users/uzivatel/Documents/github/DE1_project/project_de1/project_de1.srcs/sources_1/new/clock_enable.vhd:35]
INFO: [Synth 8-226] default block is never used [C:/Users/uzivatel/Documents/github/DE1_project/project_de1/project_de1.srcs/sources_1/new/keyboard.vhd:40]
INFO: [Synth 8-256] done synthesizing module 'keyboard' (3#1) [C:/Users/uzivatel/Documents/github/DE1_project/project_de1/project_de1.srcs/sources_1/new/keyboard.vhd:15]
INFO: [Synth 8-638] synthesizing module 'driver_7seg_4digits' [C:/Users/uzivatel/Documents/github/DE1_project/project_de1/project_de1.srcs/sources_1/new/driver_7seg_4digits.vhd:42]
INFO: [Synth 8-638] synthesizing module 'clock_enable__parameterized1' [C:/Users/uzivatel/Documents/github/DE1_project/project_de1/project_de1.srcs/sources_1/new/clock_enable.vhd:35]
	Parameter g_MAX bound to: 400000 - type: integer 
INFO: [Synth 8-256] done synthesizing module 'clock_enable__parameterized1' (3#1) [C:/Users/uzivatel/Documents/github/DE1_project/project_de1/project_de1.srcs/sources_1/new/clock_enable.vhd:35]
INFO: [Synth 8-638] synthesizing module 'cnt_up_down' [C:/Users/uzivatel/Documents/github/DE1_project/project_de1/project_de1.srcs/sources_1/new/cnt_up_down.vhd:35]
	Parameter g_CNT_WIDTH bound to: 2 - type: integer 
INFO: [Synth 8-256] done synthesizing module 'cnt_up_down' (4#1) [C:/Users/uzivatel/Documents/github/DE1_project/project_de1/project_de1.srcs/sources_1/new/cnt_up_down.vhd:35]
INFO: [Synth 8-638] synthesizing module 'hex_7seg' [C:/Users/uzivatel/Documents/github/DE1_project/project_de1/project_de1.srcs/sources_1/new/hex_7seg.vhd:41]
INFO: [Synth 8-256] done synthesizing module 'hex_7seg' (5#1) [C:/Users/uzivatel/Documents/github/DE1_project/project_de1/project_de1.srcs/sources_1/new/hex_7seg.vhd:41]
INFO: [Synth 8-256] done synthesizing module 'driver_7seg_4digits' (6#1) [C:/Users/uzivatel/Documents/github/DE1_project/project_de1/project_de1.srcs/sources_1/new/driver_7seg_4digits.vhd:42]
INFO: [Synth 8-256] done synthesizing module 'top' (7#1) [C:/Users/uzivatel/Documents/github/DE1_project/project_de1/project_de1.srcs/sources_1/new/top.vhd:51]
---------------------------------------------------------------------------------
Finished RTL Elaboration : Time (s): cpu = 00:00:13 ; elapsed = 00:00:17 . Memory (MB): peak = 1002.176 ; gain = 0.000
---------------------------------------------------------------------------------
---------------------------------------------------------------------------------
Start Handling Custom Attributes
---------------------------------------------------------------------------------
---------------------------------------------------------------------------------
Finished Handling Custom Attributes : Time (s): cpu = 00:00:14 ; elapsed = 00:00:18 . Memory (MB): peak = 1002.176 ; gain = 0.000
---------------------------------------------------------------------------------
---------------------------------------------------------------------------------
Finished RTL Optimization Phase 1 : Time (s): cpu = 00:00:14 ; elapsed = 00:00:18 . Memory (MB): peak = 1002.176 ; gain = 0.000
---------------------------------------------------------------------------------
Netlist sorting complete. Time (s): cpu = 00:00:00 ; elapsed = 00:00:00.009 . Memory (MB): peak = 1002.176 ; gain = 0.000
INFO: [Project 1-570] Preparing netlist for logic optimization

Processing XDC Constraints
Initializing timing engine
Parsing XDC File [C:/Users/uzivatel/Documents/github/DE1_project/project_de1/project_de1.srcs/constrs_1/new/arty-a7-35.xdc]
Finished Parsing XDC File [C:/Users/uzivatel/Documents/github/DE1_project/project_de1/project_de1.srcs/constrs_1/new/arty-a7-35.xdc]
INFO: [Project 1-236] Implementation specific constraints were found while reading constraint file [C:/Users/uzivatel/Documents/github/DE1_project/project_de1/project_de1.srcs/constrs_1/new/arty-a7-35.xdc]. These constraints will be ignored for synthesis but will be used in implementation. Impacted constraints are listed in the file [.Xil/top_propImpl.xdc].
Resolution: To avoid this warning, move constraints listed in [.Xil/top_propImpl.xdc] to another XDC file and exclude this new file from synthesis with the used_in_synthesis property (File Properties dialog in GUI) and re-run elaboration/synthesis.
Completed Processing XDC Constraints

Netlist sorting complete. Time (s): cpu = 00:00:00 ; elapsed = 00:00:00.001 . Memory (MB): peak = 1002.176 ; gain = 0.000
INFO: [Project 1-111] Unisim Transformation Summary:
No Unisim elements were transformed.

Constraint Validation Runtime : Time (s): cpu = 00:00:00 ; elapsed = 00:00:00.008 . Memory (MB): peak = 1002.176 ; gain = 0.000
---------------------------------------------------------------------------------
Finished Constraint Validation : Time (s): cpu = 00:00:27 ; elapsed = 00:00:34 . Memory (MB): peak = 1002.176 ; gain = 0.000
---------------------------------------------------------------------------------
---------------------------------------------------------------------------------
Start Loading Part and Timing Information
---------------------------------------------------------------------------------
Loading part: xc7k70tfbv676-1
---------------------------------------------------------------------------------
Finished Loading Part and Timing Information : Time (s): cpu = 00:00:27 ; elapsed = 00:00:34 . Memory (MB): peak = 1002.176 ; gain = 0.000
---------------------------------------------------------------------------------
---------------------------------------------------------------------------------
Start Applying 'set_property' XDC Constraints
---------------------------------------------------------------------------------
---------------------------------------------------------------------------------
Finished applying 'set_property' XDC Constraints : Time (s): cpu = 00:00:27 ; elapsed = 00:00:34 . Memory (MB): peak = 1002.176 ; gain = 0.000
---------------------------------------------------------------------------------
INFO: [Synth 8-802] inferred FSM for state register 's_state_reg' in module 'fsm'
INFO: [Synth 8-802] inferred FSM for state register 's_row_reg' in module 'keyboard'
---------------------------------------------------------------------------------------------------
                   State |                     New Encoding |                Previous Encoding 
---------------------------------------------------------------------------------------------------
                  s_wait |                              000 |                              000
                 s_first |                              001 |                              001
                s_second |                              010 |                              010
                 s_third |                              011 |                              011
                 s_forth |                              100 |                              100
               s_correct |                              101 |                              101
                 s_wrong |                              110 |                              110
---------------------------------------------------------------------------------------------------
INFO: [Synth 8-3354] encoded FSM with state register 's_state_reg' using encoding 'sequential' in module 'fsm'
---------------------------------------------------------------------------------------------------
                   State |                     New Encoding |                Previous Encoding 
---------------------------------------------------------------------------------------------------
                   row_1 |                               00 |                               00
                   row_2 |                               01 |                               01
                   row_3 |                               10 |                               10
                   row_4 |                               11 |                               11
---------------------------------------------------------------------------------------------------
INFO: [Synth 8-3354] encoded FSM with state register 's_row_reg' using encoding 'sequential' in module 'keyboard'
---------------------------------------------------------------------------------
Finished RTL Optimization Phase 2 : Time (s): cpu = 00:00:28 ; elapsed = 00:00:35 . Memory (MB): peak = 1002.176 ; gain = 0.000
---------------------------------------------------------------------------------
---------------------------------------------------------------------------------
Start RTL Component Statistics 
---------------------------------------------------------------------------------
Detailed RTL Component Info : 
+---Adders : 
	   2 Input    5 Bit       Adders := 1     
	   2 Input    2 Bit       Adders := 1     
+---Registers : 
	                5 Bit    Registers := 1     
	                4 Bit    Registers := 11    
	                2 Bit    Registers := 2     
	                1 Bit    Registers := 5     
+---Muxes : 
	   2 Input    5 Bit        Muxes := 5     
	   7 Input    5 Bit        Muxes := 1     
	   7 Input    4 Bit        Muxes := 4     
	   4 Input    4 Bit        Muxes := 8     
	   7 Input    3 Bit        Muxes := 1     
	   2 Input    3 Bit        Muxes := 7     
	   3 Input    3 Bit        Muxes := 1     
	   2 Input    2 Bit        Muxes := 2     
	   7 Input    2 Bit        Muxes := 1     
	   4 Input    2 Bit        Muxes := 1     
	   2 Input    1 Bit        Muxes := 14    
	   7 Input    1 Bit        Muxes := 15    
	   4 Input    1 Bit        Muxes := 2     
---------------------------------------------------------------------------------
Finished RTL Component Statistics 
---------------------------------------------------------------------------------
---------------------------------------------------------------------------------
Start Part Resource Summary
---------------------------------------------------------------------------------
Part Resources:
DSPs: 240 (col length:80)
BRAMs: 270 (col length: RAMB18 80 RAMB36 40)
---------------------------------------------------------------------------------
Finished Part Resource Summary
---------------------------------------------------------------------------------
---------------------------------------------------------------------------------
Start Cross Boundary and Area Optimization
---------------------------------------------------------------------------------
---------------------------------------------------------------------------------
Finished Cross Boundary and Area Optimization : Time (s): cpu = 00:00:31 ; elapsed = 00:00:39 . Memory (MB): peak = 1002.176 ; gain = 0.000
---------------------------------------------------------------------------------
---------------------------------------------------------------------------------
Start Applying XDC Timing Constraints
---------------------------------------------------------------------------------
---------------------------------------------------------------------------------
Finished Applying XDC Timing Constraints : Time (s): cpu = 00:00:43 ; elapsed = 00:00:54 . Memory (MB): peak = 1002.176 ; gain = 0.000
---------------------------------------------------------------------------------
---------------------------------------------------------------------------------
Start Timing Optimization
---------------------------------------------------------------------------------
---------------------------------------------------------------------------------
Finished Timing Optimization : Time (s): cpu = 00:00:44 ; elapsed = 00:00:55 . Memory (MB): peak = 1002.176 ; gain = 0.000
---------------------------------------------------------------------------------
---------------------------------------------------------------------------------
Start Technology Mapping
---------------------------------------------------------------------------------
---------------------------------------------------------------------------------
Finished Technology Mapping : Time (s): cpu = 00:00:44 ; elapsed = 00:00:55 . Memory (MB): peak = 1002.629 ; gain = 0.453
---------------------------------------------------------------------------------
---------------------------------------------------------------------------------
Start IO Insertion
---------------------------------------------------------------------------------
---------------------------------------------------------------------------------
Start Flattening Before IO Insertion
---------------------------------------------------------------------------------
---------------------------------------------------------------------------------
Finished Flattening Before IO Insertion
---------------------------------------------------------------------------------
---------------------------------------------------------------------------------
Start Final Netlist Cleanup
---------------------------------------------------------------------------------
---------------------------------------------------------------------------------
Finished Final Netlist Cleanup
---------------------------------------------------------------------------------
---------------------------------------------------------------------------------
Finished IO Insertion : Time (s): cpu = 00:00:50 ; elapsed = 00:01:01 . Memory (MB): peak = 1009.387 ; gain = 7.211
---------------------------------------------------------------------------------
---------------------------------------------------------------------------------
Start Renaming Generated Instances
---------------------------------------------------------------------------------
---------------------------------------------------------------------------------
Finished Renaming Generated Instances : Time (s): cpu = 00:00:50 ; elapsed = 00:01:01 . Memory (MB): peak = 1009.387 ; gain = 7.211
---------------------------------------------------------------------------------
---------------------------------------------------------------------------------
Start Rebuilding User Hierarchy
---------------------------------------------------------------------------------
---------------------------------------------------------------------------------
Finished Rebuilding User Hierarchy : Time (s): cpu = 00:00:50 ; elapsed = 00:01:01 . Memory (MB): peak = 1009.387 ; gain = 7.211
---------------------------------------------------------------------------------
---------------------------------------------------------------------------------
Start Renaming Generated Ports
---------------------------------------------------------------------------------
---------------------------------------------------------------------------------
Finished Renaming Generated Ports : Time (s): cpu = 00:00:50 ; elapsed = 00:01:01 . Memory (MB): peak = 1009.387 ; gain = 7.211
---------------------------------------------------------------------------------
---------------------------------------------------------------------------------
Start Handling Custom Attributes
---------------------------------------------------------------------------------
---------------------------------------------------------------------------------
Finished Handling Custom Attributes : Time (s): cpu = 00:00:50 ; elapsed = 00:01:01 . Memory (MB): peak = 1009.387 ; gain = 7.211
---------------------------------------------------------------------------------
---------------------------------------------------------------------------------
Start Renaming Generated Nets
---------------------------------------------------------------------------------
---------------------------------------------------------------------------------
Finished Renaming Generated Nets : Time (s): cpu = 00:00:50 ; elapsed = 00:01:01 . Memory (MB): peak = 1009.387 ; gain = 7.211
---------------------------------------------------------------------------------
---------------------------------------------------------------------------------
Start Writing Synthesis Report
---------------------------------------------------------------------------------

Report BlackBoxes: 
+-+--------------+----------+
| |BlackBox name |Instances |
+-+--------------+----------+
+-+--------------+----------+

Report Cell Usage: 
+------+-------+------+
|      |Cell   |Count |
+------+-------+------+
|1     |BUFG   |     1|
|2     |CARRY4 |    16|
|3     |LUT1   |     3|
|4     |LUT2   |    14|
|5     |LUT3   |    18|
|6     |LUT4   |    35|
|7     |LUT5   |    17|
|8     |LUT6   |    31|
|9     |FDRE   |    97|
|10    |FDSE   |    28|
|11    |IBUF   |     5|
|12    |OBUF   |    20|
+------+-------+------+
---------------------------------------------------------------------------------
Finished Writing Synthesis Report : Time (s): cpu = 00:00:50 ; elapsed = 00:01:01 . Memory (MB): peak = 1009.387 ; gain = 7.211
---------------------------------------------------------------------------------
Synthesis finished with 0 errors, 0 critical warnings and 0 warnings.
Synthesis Optimization Runtime : Time (s): cpu = 00:00:32 ; elapsed = 00:00:55 . Memory (MB): peak = 1009.387 ; gain = 7.211
Synthesis Optimization Complete : Time (s): cpu = 00:00:51 ; elapsed = 00:01:02 . Memory (MB): peak = 1009.387 ; gain = 7.211
INFO: [Project 1-571] Translating synthesized netlist
Netlist sorting complete. Time (s): cpu = 00:00:00 ; elapsed = 00:00:00.009 . Memory (MB): peak = 1019.828 ; gain = 0.000
INFO: [Netlist 29-17] Analyzing 16 Unisim elements for replacement
INFO: [Netlist 29-28] Unisim Transformation completed in 0 CPU seconds
INFO: [Project 1-570] Preparing netlist for logic optimization
INFO: [Opt 31-138] Pushed 0 inverter(s) to 0 load pin(s).
Netlist sorting complete. Time (s): cpu = 00:00:00 ; elapsed = 00:00:00.001 . Memory (MB): peak = 1021.906 ; gain = 0.000
INFO: [Project 1-111] Unisim Transformation Summary:
No Unisim elements were transformed.

INFO: [Common 17-83] Releasing license: Synthesis
38 Infos, 0 Warnings, 0 Critical Warnings and 0 Errors encountered.
synth_design completed successfully
synth_design: Time (s): cpu = 00:01:03 ; elapsed = 00:01:21 . Memory (MB): peak = 1021.906 ; gain = 19.730
INFO: [Common 17-1381] The checkpoint 'C:/Users/uzivatel/Documents/github/DE1_project/project_de1/project_de1.runs/synth_1/top.dcp' has been generated.
INFO: [runtcl-4] Executing : report_utilization -file top_utilization_synth.rpt -pb top_utilization_synth.pb
INFO: [Common 17-206] Exiting Vivado at Mon Apr 26 02:31:10 2021...
